<?xml version="1.0" encoding="UTF-8"?>
<!-- Generated by org.testng.reporters.JUnitReportReporter -->
<testsuite hostname="SreepriyaLap" failures="0" tests="1" name="cart.DWS_AddToCart_03_Test" time="6.915" errors="0" timestamp="2023-11-09T12:29:33 IST" skipped="0">
  <testcase classname="cart.DWS_AddToCart_03_Test" name="verify_user_is_able_to_add_product_virtual_gift_to_cart_and_valiadte" time="6.915"/>
  <system-out/>
</testsuite> <!-- cart.DWS_AddToCart_03_Test -->
